<?xml version="1.0" encoding="UTF-8"?>
<testng-results skipped="0" failed="1" ignored="0" total="10" passed="9">
  <reporter-output>
  </reporter-output>
  <suite name="Suite" duration-ms="11320" started-at="2021-10-17T17:15:44 IST" finished-at="2021-10-17T17:15:55 IST">
    <groups>
    </groups>
    <test name="Test" duration-ms="11320" started-at="2021-10-17T17:15:44 IST" finished-at="2021-10-17T17:15:55 IST">
      <class name="com.pagesTest.LoginPageTest">
        <test-method status="PASS" signature="SetEnvironment()[pri:0, instance:com.pagesTest.LoginPageTest@4c762604]" name="SetEnvironment" is-config="true" duration-ms="8985" started-at="2021-10-17T17:15:35 IST" finished-at="2021-10-17T17:15:44 IST">
          <reporter-output>
          </reporter-output>
        </test-method> <!-- SetEnvironment -->
        <test-method status="PASS" signature="test01()[pri:0, instance:com.pagesTest.LoginPageTest@4c762604]" name="test01" duration-ms="458" started-at="2021-10-17T17:15:44 IST" finished-at="2021-10-17T17:15:44 IST">
          <reporter-output>
          </reporter-output>
        </test-method> <!-- test01 -->
        <test-method status="PASS" signature="test02()[pri:0, instance:com.pagesTest.LoginPageTest@4c762604]" name="test02" duration-ms="1398" started-at="2021-10-17T17:15:44 IST" finished-at="2021-10-17T17:15:46 IST">
          <reporter-output>
          </reporter-output>
        </test-method> <!-- test02 -->
        <test-method status="PASS" signature="tearDown()[pri:0, instance:com.pagesTest.LoginPageTest@4c762604]" name="tearDown" is-config="true" duration-ms="697" started-at="2021-10-17T17:15:55 IST" finished-at="2021-10-17T17:15:56 IST">
          <reporter-output>
          </reporter-output>
        </test-method> <!-- tearDown -->
      </class> <!-- com.pagesTest.LoginPageTest -->
      <class name="com.pagesTest.UserPageTest">
        <test-method status="PASS" signature="test21()[pri:0, instance:com.pagesTest.UserPageTest@319b92f3]" name="test21" duration-ms="279" started-at="2021-10-17T17:15:47 IST" finished-at="2021-10-17T17:15:47 IST">
          <reporter-output>
          </reporter-output>
        </test-method> <!-- test21 -->
        <test-method status="PASS" signature="test22()[pri:0, instance:com.pagesTest.UserPageTest@319b92f3]" name="test22" duration-ms="359" started-at="2021-10-17T17:15:47 IST" finished-at="2021-10-17T17:15:47 IST">
          <reporter-output>
          </reporter-output>
        </test-method> <!-- test22 -->
      </class> <!-- com.pagesTest.UserPageTest -->
      <class name="com.pagesTest.AddUserPageTest">
        <test-method status="PASS" signature="test33()[pri:0, instance:com.pagesTest.AddUserPageTest@27d415d9]" name="test33" duration-ms="6851" started-at="2021-10-17T17:15:47 IST" finished-at="2021-10-17T17:15:54 IST">
          <reporter-output>
          </reporter-output>
        </test-method> <!-- test33 -->
        <test-method status="PASS" signature="test34()[pri:0, instance:com.pagesTest.AddUserPageTest@27d415d9]" name="test34" duration-ms="619" started-at="2021-10-17T17:15:54 IST" finished-at="2021-10-17T17:15:55 IST">
          <reporter-output>
          </reporter-output>
        </test-method> <!-- test34 -->
        <test-method status="FAIL" signature="test35()[pri:0, instance:com.pagesTest.AddUserPageTest@27d415d9]" name="test35" duration-ms="526" started-at="2021-10-17T17:15:55 IST" finished-at="2021-10-17T17:15:55 IST">
          <exception class="java.lang.AssertionError">
            <message>
              <![CDATA[Lists differ at element [0]: --Select State-- != [--select--] expected [--Select State--] but found [[--select--]]]]>
            </message>
            <full-stacktrace>
              <![CDATA[java.lang.AssertionError: Lists differ at element [0]: --Select State-- != [--select--] expected [--Select State--] but found [[--select--]]
at org.testng.Assert.fail(Assert.java:99)
at org.testng.Assert.failNotEquals(Assert.java:1037)
at org.testng.Assert.assertEqualsImpl(Assert.java:140)
at org.testng.Assert.assertEquals(Assert.java:1103)
at org.testng.Assert.assertEquals(Assert.java:1065)
at com.pages.AddUserPage.compareExcelDataWithDropDownOptions(AddUserPage.java:177)
at com.pagesTest.AddUserPageTest.test35(AddUserPageTest.java:34)
at sun.reflect.NativeMethodAccessorImpl.invoke0(Native Method)
at sun.reflect.NativeMethodAccessorImpl.invoke(NativeMethodAccessorImpl.java:62)
at sun.reflect.DelegatingMethodAccessorImpl.invoke(DelegatingMethodAccessorImpl.java:43)
at java.lang.reflect.Method.invoke(Method.java:498)
at org.testng.internal.MethodInvocationHelper.invokeMethod(MethodInvocationHelper.java:133)
at org.testng.internal.TestInvoker.invokeMethod(TestInvoker.java:598)
at org.testng.internal.TestInvoker.invokeTestMethod(TestInvoker.java:173)
at org.testng.internal.MethodRunner.runInSequence(MethodRunner.java:46)
at org.testng.internal.TestInvoker$MethodInvocationAgent.invoke(TestInvoker.java:824)
at org.testng.internal.TestInvoker.invokeTestMethods(TestInvoker.java:146)
at org.testng.internal.TestMethodWorker.invokeTestMethods(TestMethodWorker.java:146)
at org.testng.internal.TestMethodWorker.run(TestMethodWorker.java:128)
at java.util.ArrayList.forEach(ArrayList.java:1249)
at org.testng.TestRunner.privateRun(TestRunner.java:794)
at org.testng.TestRunner.run(TestRunner.java:596)
at org.testng.SuiteRunner.runTest(SuiteRunner.java:377)
at org.testng.SuiteRunner.runSequentially(SuiteRunner.java:371)
at org.testng.SuiteRunner.privateRun(SuiteRunner.java:332)
at org.testng.SuiteRunner.run(SuiteRunner.java:276)
at org.testng.SuiteRunnerWorker.runSuite(SuiteRunnerWorker.java:53)
at org.testng.SuiteRunnerWorker.run(SuiteRunnerWorker.java:96)
at org.testng.TestNG.runSuitesSequentially(TestNG.java:1212)
at org.testng.TestNG.runSuitesLocally(TestNG.java:1134)
at org.testng.TestNG.runSuites(TestNG.java:1063)
at org.testng.TestNG.run(TestNG.java:1031)
at org.testng.remote.AbstractRemoteTestNG.run(AbstractRemoteTestNG.java:115)
at org.testng.remote.RemoteTestNG.initAndRun(RemoteTestNG.java:251)
at org.testng.remote.RemoteTestNG.main(RemoteTestNG.java:77)
]]>
            </full-stacktrace>
          </exception> <!-- java.lang.AssertionError -->
          <reporter-output>
          </reporter-output>
        </test-method> <!-- test35 -->
      </class> <!-- com.pagesTest.AddUserPageTest -->
      <class name="com.pagesTest.DashboardPageTest">
        <test-method status="PASS" signature="test03()[pri:0, instance:com.pagesTest.DashboardPageTest@2f0a87b3]" name="test03" duration-ms="98" started-at="2021-10-17T17:15:46 IST" finished-at="2021-10-17T17:15:46 IST">
          <reporter-output>
          </reporter-output>
        </test-method> <!-- test03 -->
        <test-method status="PASS" signature="test04()[pri:0, instance:com.pagesTest.DashboardPageTest@2f0a87b3]" name="test04" duration-ms="119" started-at="2021-10-17T17:15:46 IST" finished-at="2021-10-17T17:15:46 IST">
          <reporter-output>
          </reporter-output>
        </test-method> <!-- test04 -->
        <test-method status="PASS" signature="test06()[pri:0, instance:com.pagesTest.DashboardPageTest@2f0a87b3]" name="test06" duration-ms="512" started-at="2021-10-17T17:15:46 IST" finished-at="2021-10-17T17:15:47 IST">
          <reporter-output>
          </reporter-output>
        </test-method> <!-- test06 -->
      </class> <!-- com.pagesTest.DashboardPageTest -->
    </test> <!-- Test -->
  </suite> <!-- Suite -->
</testng-results>
